<?xml version="1.0" encoding="UTF-8"?>
<!-- Generated by org.testng.reporters.JUnitReportReporter -->
<testsuite hostname="Denish" failures="0" tests="2" name="DataDrivenTesting.StoreAndUseDataInsideSameClass" time="0.016" errors="0" timestamp="2023-07-28T10:34:47 IST" skipped="0">
  <testcase classname="DataDrivenTesting.StoreAndUseDataInsideSameClass" name="FacebookSignUp" time="0.003"/>
  <system-out/>
  <testcase classname="DataDrivenTesting.StoreAndUseDataInsideSameClass" name="FacebookSignUp" time="0.013"/>
  <system-out/>
</testsuite> <!-- DataDrivenTesting.StoreAndUseDataInsideSameClass -->
