<?xml version="1.0" encoding="UTF-8"?>
<!-- Generated by org.testng.reporters.JUnitReportReporter -->
<testsuite hostname="Denish" failures="0" tests="5" name="learnTestNG.classB" time="0.019" errors="0" timestamp="2023-07-28T11:50:03 IST" skipped="0">
  <testcase classname="learnTestNG.classB" name="testJ" time="0.002"/>
  <system-out/>
  <testcase classname="learnTestNG.classB" name="testCaseB" time="0.001"/>
  <system-out/>
  <testcase classname="learnTestNG.classB" name="testH" time="0.002"/>
  <system-out/>
  <testcase classname="learnTestNG.classB" name="testI" time="0.003"/>
  <system-out/>
  <testcase classname="learnTestNG.classB" name="testCaseA" time="0.011"/>
  <system-out/>
</testsuite> <!-- learnTestNG.classB -->
