<?xml version="1.0" encoding="UTF-8"?>
<!-- Generated by org.testng.reporters.JUnitReportReporter -->
<testsuite hostname="Denish" failures="0" tests="1" name="boards.info.trello.testcases.TestCaseSample" time="5.851" errors="0" timestamp="2023-08-21T23:28:32 IST" skipped="0">
  <testcase classname="boards.info.trello.testcases.TestCaseSample" name="TestCase1" time="5.851"/>
  <system-out/>
</testsuite> <!-- boards.info.trello.testcases.TestCaseSample -->
