<?xml version="1.0" encoding="UTF-8"?>
<!-- Generated by org.testng.reporters.JUnitReportReporter -->
<testsuite hostname="Denish" failures="0" tests="2" name="learnTestNG.TestCaseExecutionWithPreAndPostCondition" time="51.791" errors="0" timestamp="2023-08-11T11:09:08 IST" skipped="0">
  <testcase classname="learnTestNG.TestCaseExecutionWithPreAndPostCondition" name="searchForTask" time="18.323"/>
  <system-out/>
  <testcase classname="learnTestNG.TestCaseExecutionWithPreAndPostCondition" name="clickOnCallsTask" time="33.468"/>
  <system-out/>
</testsuite> <!-- learnTestNG.TestCaseExecutionWithPreAndPostCondition -->
