<?xml version="1.0" encoding="UTF-8"?>
<!-- Generated by org.testng.reporters.JUnitReportReporter -->
<testsuite hostname="Denish" failures="0" tests="1" name="DataDrivenTesting.UseOptionalAnnotation" time="0.009" errors="0" timestamp="2023-07-31T12:05:14 IST" skipped="0">
  <testcase classname="DataDrivenTesting.UseOptionalAnnotation" name="testCase" time="0.009"/>
  <system-out/>
</testsuite> <!-- DataDrivenTesting.UseOptionalAnnotation -->
