<?xml version="1.0" encoding="UTF-8"?>
<!-- Generated by org.testng.reporters.JUnitReportReporter -->
<testsuite hostname="Denish" failures="0" tests="2" name="DataDrivenTesting.facebookSignupByDataProvider" time="21.694" errors="0" timestamp="2023-08-01T10:39:29 IST" skipped="0">
  <testcase classname="DataDrivenTesting.facebookSignupByDataProvider" name="facebookSignup" time="13.866"/>
  <system-out/>
  <testcase classname="DataDrivenTesting.facebookSignupByDataProvider" name="facebookSignup" time="7.828"/>
  <system-out/>
</testsuite> <!-- DataDrivenTesting.facebookSignupByDataProvider -->
