<?xml version="1.0" encoding="UTF-8"?>
<!-- Generated by org.testng.reporters.JUnitReportReporter -->
<testsuite hostname="Denish" failures="0" tests="1" name="learnTestNG.classC" time="0.014" errors="0" timestamp="2023-07-29T11:24:10 IST" skipped="0">
  <testcase classname="learnTestNG.classC" name="testM" time="0.014"/>
  <system-out/>
</testsuite> <!-- learnTestNG.classC -->
