<?xml version="1.0" encoding="UTF-8"?>
<!-- Generated by org.testng.reporters.JUnitReportReporter -->
<testsuite hostname="Denish" failures="0" tests="2" name="test.testNg" time="0.018" errors="0" timestamp="2023-08-11T10:44:57 IST" skipped="0">
  <testcase classname="test.testNg" name="TestCase2" time="0.016"/>
  <system-out/>
  <testcase classname="test.testNg" name="TestCase1" time="0.002"/>
  <system-out/>
</testsuite> <!-- test.testNg -->
