<?xml version="1.0" encoding="UTF-8"?>
<!-- Generated by org.testng.reporters.JUnitReportReporter -->
<testsuite hostname="Denish" failures="0" tests="8" name="learnTestNG.facebook" time="0.018" errors="0" timestamp="2023-07-29T12:28:00 IST" skipped="0">
  <testcase classname="learnTestNG.facebook" name="signUp" time="0.009"/>
  <system-out/>
  <testcase classname="learnTestNG.facebook" name="acceptFriendRequest" time="0.001"/>
  <system-out/>
  <testcase classname="learnTestNG.facebook" name="deleteFriendRequest" time="0.002"/>
  <system-out/>
  <testcase classname="learnTestNG.facebook" name="uploadProfilePic" time="0.001"/>
  <system-out/>
  <testcase classname="learnTestNG.facebook" name="PostComment" time="0.001"/>
  <system-out/>
  <testcase classname="learnTestNG.facebook" name="sendFriendRequest" time="0.001"/>
  <system-out/>
  <testcase classname="learnTestNG.facebook" name="Login" time="0.002"/>
  <system-out/>
  <testcase classname="learnTestNG.facebook" name="likePhoto" time="0.001"/>
  <system-out/>
</testsuite> <!-- learnTestNG.facebook -->
