<?xml version="1.0" encoding="UTF-8"?>
<!-- Generated by org.testng.reporters.JUnitReportReporter -->
<testsuite hostname="Denish" failures="0" tests="14" name="learnTestNG.KGF" time="0.009" errors="0" timestamp="2023-08-11T10:57:13 IST" skipped="1">
  <testcase classname="learnTestNG.KGF" name="suryavardhan" time="0.001"/>
  <system-out/>
  <testcase classname="learnTestNG.KGF" name="garuda" time="0.001"/>
  <system-out/>
  <testcase classname="learnTestNG.KGF" name="rocky" time="0.000"/>
  <system-out/>
  <testcase classname="learnTestNG.KGF" name="rocky" time="0.001"/>
  <system-out/>
  <testcase classname="learnTestNG.KGF" name="rocky" time="0.000"/>
  <system-out/>
  <testcase classname="learnTestNG.KGF" name="rocky" time="0.001"/>
  <system-out/>
  <testcase classname="learnTestNG.KGF" name="rocky" time="0.001"/>
  <system-out/>
  <testcase classname="learnTestNG.KGF" name="rocky" time="0.001"/>
  <system-out/>
  <testcase classname="learnTestNG.KGF" name="rocky" time="0.001"/>
  <system-out/>
  <testcase classname="learnTestNG.KGF" name="adheera" time="0.001"/>
  <system-out/>
  <testcase classname="learnTestNG.KGF" name="mumbaishetty" time="0.000"/>
  <system-out/>
  <testcase classname="learnTestNG.KGF" name="rajendradesai" time="0.001"/>
  <system-out/>
  <testcase classname="learnTestNG.KGF" name="rameekasen" time="0.000"/>
  <system-out/>
  <testcase classname="learnTestNG.KGF" name="vaanaran">
    <skipped/>
  </testcase> <!-- vaanaran -->
  <system-out/>
</testsuite> <!-- learnTestNG.KGF -->
