<?xml version="1.0" encoding="UTF-8"?>
<!-- Generated by org.testng.reporters.JUnitReportReporter -->
<testsuite hostname="Denish" failures="0" tests="2" name="learnTestNG.PreAndPostCondition" time="0.010" errors="0" timestamp="2023-08-11T11:05:55 IST" skipped="0">
  <testcase classname="learnTestNG.PreAndPostCondition" name="testCaseA" time="0.008"/>
  <system-out/>
  <testcase classname="learnTestNG.PreAndPostCondition" name="testCaseB" time="0.002"/>
  <system-out/>
</testsuite> <!-- learnTestNG.PreAndPostCondition -->
