<?xml version="1.0" encoding="UTF-8"?>
<!-- Generated by org.testng.reporters.JUnitReportReporter -->
<testsuite hostname="Denish" failures="0" tests="1" name="learnTestNG.A" time="0.014" errors="0" timestamp="2023-07-25T11:11:14 IST" skipped="0">
  <testcase classname="learnTestNG.A" name="testCaseName" time="0.014"/>
  <system-out/>
</testsuite> <!-- learnTestNG.A -->
