<?xml version="1.0" encoding="UTF-8"?>
<!-- Generated by org.testng.reporters.JUnitReportReporter -->
<testsuite hostname="Denish" failures="0" tests="1" name="learnTestNG.ActitimeThrewParameterization" time="11.900" errors="0" timestamp="2023-07-27T11:32:19 IST" skipped="0">
  <testcase classname="learnTestNG.ActitimeThrewParameterization" name="actitime" time="11.900"/>
  <system-out/>
</testsuite> <!-- learnTestNG.ActitimeThrewParameterization -->
