<?xml version="1.0" encoding="UTF-8"?>
<!-- Generated by org.testng.reporters.JUnitReportReporter -->
<testsuite hostname="Denish" failures="0" tests="1" name="learnTestNG.ModualName" time="0.001" errors="0" timestamp="2023-08-11T10:57:13 IST" skipped="0">
  <testcase classname="learnTestNG.ModualName" name="testCaseName" time="0.001"/>
  <system-out/>
</testsuite> <!-- learnTestNG.ModualName -->
