<?xml version="1.0" encoding="UTF-8"?>
<!-- Generated by org.testng.reporters.JUnitReportReporter -->
<testsuite hostname="Denish" failures="0" tests="2" name="learnTestNG.classA" time="0.012" errors="0" timestamp="2023-07-28T11:49:44 IST" skipped="0">
  <testcase classname="learnTestNG.classA" name="testCaseA" time="0.009"/>
  <system-out/>
  <testcase classname="learnTestNG.classA" name="testCaseB" time="0.003"/>
  <system-out/>
</testsuite> <!-- learnTestNG.classA -->
